#
# A fatal error has been detected by the Java Runtime Environment:
#
#  EXCEPTION_ACCESS_VIOLATION (0xc0000005) at pc=0x0000000002866da6, pid=6100, tid=3428
#
# JRE version: Java(TM) SE Runtime Environment (8.0-b132) (build 1.8.0-b132)
# Java VM: Java HotSpot(TM) 64-Bit Server VM (25.0-b70 mixed mode windows-amd64 compressed oops)
# Problematic frame:
# J 70 C1 java.util.HashMap.put(Ljava/lang/Object;Ljava/lang/Object;)Ljava/lang/Object; (13 bytes) @ 0x0000000002866da6 [0x0000000002866ca0+0x106]
#
# Failed to write core dump. Minidumps are not enabled by default on client versions of Windows
#
# If you would like to submit a bug report, please visit:
#   http://bugreport.sun.com/bugreport/crash.jsp
#

---------------  T H R E A D  ---------------

Current thread (0x000000000026e800):  JavaThread "main" [_thread_in_Java, id=3428, stack(0x0000000002370000,0x0000000002470000)]

siginfo: ExceptionCode=0xc0000005, reading address 0x00000000c8d56768

Registers:
RAX=0x00000000549384a0, RBX=0x0000000000000598, RCX=0x00000000eab06dd0, RDX=0x00000000eab06dd0
RSP=0x000000000246de30, RBP=0x000000000246df28, RSI=0x0000000054ab5f70, RDI=0x0000000000000090
R8 =0x00000000c8d56768, R9 =0x00000000ead53c08, R10=0x000000006414a270, R11=0x0000000002866cc0
R12=0x0000000000000000, R13=0x000000000246ded0, R14=0x0000000000000000, R15=0x000000000026e800
RIP=0x0000000002866da6, EFLAGS=0x0000000000010202

Top of Stack: (sp=0x000000000246de30)
0x000000000246de30:   0000000054d3d230 000000000026e800
0x000000000246de40:   0000003d00000019 0000000054d3d230
0x000000000246de50:   000000000026e800 0000000054d6e4a0
0x000000000246de60:   000000000026e800 000000000026e800
0x000000000246de70:   000000000246df30 0000000054d70b8f
0x000000000246de80:   0000000000000000 00000000eab06dd0
0x000000000246de90:   0000000000000000 00000000ead53c08
0x000000000246dea0:   00000000000000b2 000000000275dfc8
0x000000000246deb0:   000000000246df28 00000000027472b0
0x000000000246dec0:   0000000000000007 00000000027472b0
0x000000000246ded0:   00000000ead53c08 00000000c8d56768
0x000000000246dee0:   00000000eab06dd0 000000000246dee8
0x000000000246def0:   0000000054d70b92 000000000246df30
0x000000000246df00:   0000000054d72028 0000000000000000
0x000000000246df10:   0000000054d712c8 000000000246ded0
0x000000000246df20:   000000000246df38 000000000246e010 

Instructions: (pc=0x0000000002866da6)
0x0000000002866d86:   00 00 4c 89 4c 24 68 4c 89 44 24 60 48 89 54 24
0x0000000002866d96:   58 e9 bd 00 00 00 4c 89 4c 24 68 48 89 54 24 58
0x0000000002866da6:   49 3b 00 49 8b f0 48 bf 70 5f ab 54 00 00 00 00
0x0000000002866db6:   8b 76 08 48 3b b7 d0 00 00 00 75 0d 48 83 87 d8 


Register to memory mapping:

RAX=0x00000000549384a0 is an unknown value
RBX=0x0000000000000598 is an unknown value
RCX=0x00000000eab06dd0 is an oop
java.util.HashMap 
 - klass: 'java/util/HashMap'
RDX=0x00000000eab06dd0 is an oop
java.util.HashMap 
 - klass: 'java/util/HashMap'
RSP=0x000000000246de30 is pointing into the stack for thread: 0x000000000026e800
RBP=0x000000000246df28 is pointing into the stack for thread: 0x000000000026e800
RSI=0x0000000054ab5f70 is an unknown value
RDI=0x0000000000000090 is an unknown value
R8 =0x00000000c8d56768 is an unallocated location in the heap
R9 =0x00000000ead53c08 is an oop
com.android.dx.dex.code.Dop 
 - klass: 'com/android/dx/dex/code/Dop'
R10=0x000000006414a270 is an unknown value
R11=0x0000000002866cc0 is at entry_point+32 in (nmethod*)0x0000000002866b10
R12=0x0000000000000000 is an unknown value
R13=0x000000000246ded0 is pointing into the stack for thread: 0x000000000026e800
R14=0x0000000000000000 is an unknown value
R15=0x000000000026e800 is a thread


Stack: [0x0000000002370000,0x0000000002470000],  sp=0x000000000246de30,  free space=1015k
Native frames: (J=compiled Java code, j=interpreted, Vv=VM code, C=native code)
C  0x0000000002866da6


---------------  P R O C E S S  ---------------

Java Threads: ( => current thread )
  0x000000005663c000 JavaThread "Service Thread" daemon [_thread_blocked, id=5544, stack(0x0000000056af0000,0x0000000056bf0000)]
  0x00000000565db000 JavaThread "C1 CompilerThread2" daemon [_thread_blocked, id=6004, stack(0x0000000057000000,0x0000000057100000)]
  0x00000000565d8000 JavaThread "C2 CompilerThread1" daemon [_thread_blocked, id=4084, stack(0x0000000056e20000,0x0000000056f20000)]
  0x00000000565d2800 JavaThread "C2 CompilerThread0" daemon [_thread_blocked, id=5580, stack(0x0000000056c10000,0x0000000056d10000)]
  0x0000000055244000 JavaThread "Attach Listener" daemon [_thread_blocked, id=920, stack(0x00000000569f0000,0x0000000056af0000)]
  0x0000000055242800 JavaThread "Signal Dispatcher" daemon [_thread_blocked, id=5876, stack(0x0000000056340000,0x0000000056440000)]
  0x00000000551e5800 JavaThread "Finalizer" daemon [_thread_blocked, id=4784, stack(0x00000000564d0000,0x00000000565d0000)]
  0x00000000551da800 JavaThread "Reference Handler" daemon [_thread_blocked, id=4480, stack(0x00000000560d0000,0x00000000561d0000)]
=>0x000000000026e800 JavaThread "main" [_thread_in_Java, id=3428, stack(0x0000000002370000,0x0000000002470000)]

Other Threads:
  0x00000000551d7000 VMThread [stack: 0x00000000561e0000,0x00000000562e0000] [id=1772]
  0x000000005664f000 WatcherThread [stack: 0x0000000056d20000,0x0000000056e20000] [id=5260]

VM state:not at safepoint (normal execution)

VM Mutex/Monitor currently owned by a thread: None

Heap:
 PSYoungGen      total 2560K, used 572K [0x00000000eab00000, 0x00000000eb200000, 0x0000000100000000)
  eden space 2048K, 2% used [0x00000000eab00000,0x00000000eab0f148,0x00000000ead00000)
  from space 512K, 100% used [0x00000000ead00000,0x00000000ead80000,0x00000000ead80000)
  to   space 1536K, 0% used [0x00000000eb080000,0x00000000eb080000,0x00000000eb200000)
 ParOldGen       total 61952K, used 1582K [0x00000000c0000000, 0x00000000c3c80000, 0x00000000eab00000)
  object space 61952K, 2% used [0x00000000c0000000,0x00000000c018b948,0x00000000c3c80000)
 Metaspace       used 4247K, capacity 5872K, committed 6016K, reserved 1056768K
  class space    used 468K, capacity 552K, committed 640K, reserved 1048576K

Card table byte_map: [0x0000000011b00000,0x0000000011d10000] byte_map_base: 0x0000000011500000

Marking Bits: (ParMarkBitMap*) 0x00000000641613b0
 Begin Bits: [0x0000000012650000, 0x0000000013650000)
 End Bits:   [0x0000000013650000, 0x0000000014650000)

Polling page: 0x0000000000240000

CodeCache: size=245760Kb used=1408Kb max_used=1408Kb free=244351Kb
 bounds [0x0000000002740000, 0x00000000029b0000, 0x0000000011740000]
 total_blobs=455 nmethods=200 adapters=170
 compilation: enabled

Compilation events (10 events):
Event: 0.187 Thread 0x00000000565db000  198       3       java.lang.ref.Finalizer::access$000 (4 bytes)
Event: 0.187 Thread 0x00000000565db000 nmethod 198 0x000000000289e050 code [0x000000000289e1a0, 0x000000000289e2d0]
Event: 0.187 Thread 0x00000000565db000  199       3       java.lang.ref.ReferenceQueue::remove (6 bytes)
Event: 0.187 Thread 0x00000000565db000 nmethod 199 0x000000000289e350 code [0x000000000289e4c0, 0x000000000289e668]
Event: 0.187 Thread 0x00000000565db000  197   !   3       java.lang.ref.ReferenceQueue::enqueue (119 bytes)
Event: 0.187 Thread 0x00000000565db000 nmethod 197 0x000000000289e710 code [0x000000000289e8a0, 0x000000000289efe8]
Event: 0.187 Thread 0x00000000565db000  200       3       java.lang.String::substring (56 bytes)
Event: 0.188 Thread 0x00000000565db000 nmethod 200 0x000000000289f1d0 code [0x000000000289f360, 0x000000000289f708]
Event: 0.188 Thread 0x00000000565db000  194       3       java.util.ArrayList::rangeCheck (22 bytes)
Event: 0.188 Thread 0x00000000565db000 nmethod 194 0x000000000289f890 code [0x000000000289faa0, 0x00000000028a04f8]

GC Heap History (10 events):
Event: 0.064 GC heap before
{Heap before GC invocations=1 (full 0):
 PSYoungGen      total 1024K, used 512K [0x00000000eab00000, 0x00000000eac80000, 0x0000000100000000)
  eden space 512K, 100% used [0x00000000eab00000,0x00000000eab80000,0x00000000eab80000)
  from space 512K, 0% used [0x00000000eac00000,0x00000000eac00000,0x00000000eac80000)
  to   space 512K, 0% used [0x00000000eab80000,0x00000000eab80000,0x00000000eac00000)
 ParOldGen       total 61952K, used 0K [0x00000000c0000000, 0x00000000c3c80000, 0x00000000eab00000)
  object space 61952K, 0% used [0x00000000c0000000,0x00000000c0000000,0x00000000c3c80000)
 Metaspace       used 2617K, capacity 4480K, committed 4480K, reserved 1056768K
  class space    used 287K, capacity 384K, committed 384K, reserved 1048576K
Event: 0.065 GC heap after
Heap after GC invocations=1 (full 0):
 PSYoungGen      total 1024K, used 496K [0x00000000eab00000, 0x00000000ead00000, 0x0000000100000000)
  eden space 512K, 0% used [0x00000000eab00000,0x00000000eab00000,0x00000000eab80000)
  from space 512K, 96% used [0x00000000eab80000,0x00000000eabfc010,0x00000000eac00000)
  to   space 512K, 0% used [0x00000000eac80000,0x00000000eac80000,0x00000000ead00000)
 ParOldGen       total 61952K, used 16K [0x00000000c0000000, 0x00000000c3c80000, 0x00000000eab00000)
  object space 61952K, 0% used [0x00000000c0000000,0x00000000c0004000,0x00000000c3c80000)
 Metaspace       used 2617K, capacity 4480K, committed 4480K, reserved 1056768K
  class space    used 287K, capacity 384K, committed 384K, reserved 1048576K
}
Event: 0.081 GC heap before
{Heap before GC invocations=2 (full 0):
 PSYoungGen      total 1024K, used 1008K [0x00000000eab00000, 0x00000000ead00000, 0x0000000100000000)
  eden space 512K, 100% used [0x00000000eab00000,0x00000000eab80000,0x00000000eab80000)
  from space 512K, 96% used [0x00000000eab80000,0x00000000eabfc010,0x00000000eac00000)
  to   space 512K, 0% used [0x00000000eac80000,0x00000000eac80000,0x00000000ead00000)
 ParOldGen       total 61952K, used 16K [0x00000000c0000000, 0x00000000c3c80000, 0x00000000eab00000)
  object space 61952K, 0% used [0x00000000c0000000,0x00000000c0004000,0x00000000c3c80000)
 Metaspace       used 2920K, capacity 4656K, committed 4864K, reserved 1056768K
  class space    used 320K, capacity 424K, committed 512K, reserved 1048576K
Event: 0.082 GC heap after
Heap after GC invocations=2 (full 0):
 PSYoungGen      total 1536K, used 480K [0x00000000eab00000, 0x00000000ead00000, 0x0000000100000000)
  eden space 1024K, 0% used [0x00000000eab00000,0x00000000eab00000,0x00000000eac00000)
  from space 512K, 93% used [0x00000000eac80000,0x00000000eacf8020,0x00000000ead00000)
  to   space 512K, 0% used [0x00000000eac00000,0x00000000eac00000,0x00000000eac80000)
 ParOldGen       total 61952K, used 138K [0x00000000c0000000, 0x00000000c3c80000, 0x00000000eab00000)
  object space 61952K, 0% used [0x00000000c0000000,0x00000000c0022ac0,0x00000000c3c80000)
 Metaspace       used 2920K, capacity 4656K, committed 4864K, reserved 1056768K
  class space    used 320K, capacity 424K, committed 512K, reserved 1048576K
}
Event: 0.112 GC heap before
{Heap before GC invocations=3 (full 0):
 PSYoungGen      total 1536K, used 1500K [0x00000000eab00000, 0x00000000ead00000, 0x0000000100000000)
  eden space 1024K, 99% used [0x00000000eab00000,0x00000000eabff290,0x00000000eac00000)
  from space 512K, 93% used [0x00000000eac80000,0x00000000eacf8020,0x00000000ead00000)
  to   space 512K, 0% used [0x00000000eac00000,0x00000000eac00000,0x00000000eac80000)
 ParOldGen       total 61952K, used 138K [0x00000000c0000000, 0x00000000c3c80000, 0x00000000eab00000)
  object space 61952K, 0% used [0x00000000c0000000,0x00000000c0022ac0,0x00000000c3c80000)
 Metaspace       used 3293K, capacity 4944K, committed 5120K, reserved 1056768K
  class space    used 374K, capacity 456K, committed 512K, reserved 1048576K
Event: 0.114 GC heap after
Heap after GC invocations=3 (full 0):
 PSYoungGen      total 1536K, used 512K [0x00000000eab00000, 0x00000000eae00000, 0x0000000100000000)
  eden space 1024K, 0% used [0x00000000eab00000,0x00000000eab00000,0x00000000eac00000)
  from space 512K, 100% used [0x00000000eac00000,0x00000000eac80000,0x00000000eac80000)
  to   space 512K, 0% used [0x00000000ead80000,0x00000000ead80000,0x00000000eae00000)
 ParOldGen       total 61952K, used 442K [0x00000000c0000000, 0x00000000c3c80000, 0x00000000eab00000)
  object space 61952K, 0% used [0x00000000c0000000,0x00000000c006eb08,0x00000000c3c80000)
 Metaspace       used 3293K, capacity 4944K, committed 5120K, reserved 1056768K
  class space    used 374K, capacity 456K, committed 512K, reserved 1048576K
}
Event: 0.146 GC heap before
{Heap before GC invocations=4 (full 0):
 PSYoungGen      total 1536K, used 1536K [0x00000000eab00000, 0x00000000eae00000, 0x0000000100000000)
  eden space 1024K, 100% used [0x00000000eab00000,0x00000000eac00000,0x00000000eac00000)
  from space 512K, 100% used [0x00000000eac00000,0x00000000eac80000,0x00000000eac80000)
  to   space 512K, 0% used [0x00000000ead80000,0x00000000ead80000,0x00000000eae00000)
 ParOldGen       total 61952K, used 442K [0x00000000c0000000, 0x00000000c3c80000, 0x00000000eab00000)
  object space 61952K, 0% used [0x00000000c0000000,0x00000000c006eb08,0x00000000c3c80000)
 Metaspace       used 3624K, capacity 5232K, committed 5376K, reserved 1056768K
  class space    used 410K, capacity 488K, committed 512K, reserved 1048576K
Event: 0.147 GC heap after
Heap after GC invocations=4 (full 0):
 PSYoungGen      total 2560K, used 480K [0x00000000eab00000, 0x00000000eae00000, 0x0000000100000000)
  eden space 2048K, 0% used [0x00000000eab00000,0x00000000eab00000,0x00000000ead00000)
  from space 512K, 93% used [0x00000000ead80000,0x00000000eadf8020,0x00000000eae00000)
  to   space 512K, 0% used [0x00000000ead00000,0x00000000ead00000,0x00000000ead80000)
 ParOldGen       total 61952K, used 790K [0x00000000c0000000, 0x00000000c3c80000, 0x00000000eab00000)
  object space 61952K, 1% used [0x00000000c0000000,0x00000000c00c5a78,0x00000000c3c80000)
 Metaspace       used 3624K, capacity 5232K, committed 5376K, reserved 1056768K
  class space    used 410K, capacity 488K, committed 512K, reserved 1048576K
}
Event: 0.185 GC heap before
{Heap before GC invocations=5 (full 0):
 PSYoungGen      total 2560K, used 2528K [0x00000000eab00000, 0x00000000eae00000, 0x0000000100000000)
  eden space 2048K, 100% used [0x00000000eab00000,0x00000000ead00000,0x00000000ead00000)
  from space 512K, 93% used [0x00000000ead80000,0x00000000eadf8020,0x00000000eae00000)
  to   space 512K, 0% used [0x00000000ead00000,0x00000000ead00000,0x00000000ead80000)
 ParOldGen       total 61952K, used 790K [0x00000000c0000000, 0x00000000c3c80000, 0x00000000eab00000)
  object space 61952K, 1% used [0x00000000c0000000,0x00000000c00c5a78,0x00000000c3c80000)
 Metaspace       used 4214K, capacity 5808K, committed 6016K, reserved 1056768K
  class space    used 467K, capacity 552K, committed 640K, reserved 1048576K
Event: 0.186 GC heap after
Heap after GC invocations=5 (full 0):
 PSYoungGen      total 2560K, used 512K [0x00000000eab00000, 0x00000000eb200000, 0x0000000100000000)
  eden space 2048K, 0% used [0x00000000eab00000,0x00000000eab00000,0x00000000ead00000)
  from space 512K, 100% used [0x00000000ead00000,0x00000000ead80000,0x00000000ead80000)
  to   space 1536K, 0% used [0x00000000eb080000,0x00000000eb080000,0x00000000eb200000)
 ParOldGen       total 61952K, used 1582K [0x00000000c0000000, 0x00000000c3c80000, 0x00000000eab00000)
  object space 61952K, 2% used [0x00000000c0000000,0x00000000c018b948,0x00000000c3c80000)
 Metaspace       used 4214K, capacity 5808K, committed 6016K, reserved 1056768K
  class space    used 467K, capacity 552K, committed 640K, reserved 1048576K
}

Deoptimization events (0 events):
No events

Internal exceptions (2 events):
Event: 0.023 Thread 0x000000000026e800 Exception <a 'java/lang/NoSuchMethodError': Method sun.misc.Unsafe.defineClass(Ljava/lang/String;[BII)Ljava/lang/Class; name or signature does not match> (0x00000000eab0f228) thrown at [D:\re\workspace\8-2-build-windows-amd64-cygwin\jdk8\2238\hotspot\src\sí´M3˜?
Event: 0.023 Thread 0x000000000026e800 Exception <a 'java/lang/NoSuchMethodError': Method sun.misc.Unsafe.prefetchRead(Ljava/lang/Object;J)V name or signature does not match> (0x00000000eab0f4b8) thrown at [D:\re\workspace\8-2-build-windows-amd64-cygwin\jdk8\2238\hotspot\src\share\vm\prims\jni.

Events (10 events):
Event: 0.184 loading class com/android/dx/dex/code/ArrayData
Event: 0.184 loading class com/android/dx/dex/code/ArrayData done
Event: 0.184 loading class com/android/dx/dex/code/SwitchData
Event: 0.184 loading class com/android/dx/dex/code/SwitchData done
Event: 0.185 loading class com/android/dx/dex/code/LocalStart
Event: 0.185 loading class com/android/dx/dex/code/LocalStart done
Event: 0.185 Executing VM operation: ParallelGCFailedAllocation
Event: 0.186 Executing VM operation: ParallelGCFailedAllocation done
Event: 0.187 loading class com/android/dx/dex/code/RopToDop
Event: 0.187 loading class com/android/dx/dex/code/RopToDop done


Dynamic libraries:
0x000000013fd50000 - 0x000000013fd84000 	C:\PROGRA~1\Java\JDK18~1.0\bin\java.exe
0x00000000771c0000 - 0x0000000077369000 	C:\Windows\SYSTEM32\ntdll.dll
0x0000000076fa0000 - 0x00000000770bf000 	C:\Windows\system32\kernel32.dll
0x000007fefcff0000 - 0x000007fefd05c000 	C:\Windows\system32\KERNELBASE.dll
0x000007fefda80000 - 0x000007fefdb5b000 	C:\Windows\system32\ADVAPI32.dll
0x000007fefed40000 - 0x000007fefeddf000 	C:\Windows\system32\msvcrt.dll
0x000007fefdbb0000 - 0x000007fefdbcf000 	C:\Windows\SYSTEM32\sechost.dll
0x000007feff390000 - 0x000007feff4bd000 	C:\Windows\system32\RPCRT4.dll
0x00000000770c0000 - 0x00000000771ba000 	C:\Windows\system32\USER32.dll
0x000007fefd990000 - 0x000007fefd9f7000 	C:\Windows\system32\GDI32.dll
0x000007fefed30000 - 0x000007fefed3e000 	C:\Windows\system32\LPK.dll
0x000007fefd8c0000 - 0x000007fefd989000 	C:\Windows\system32\USP10.dll
0x000007fefb850000 - 0x000007fefba44000 	C:\Windows\WinSxS\amd64_microsoft.windows.common-controls_6595b64144ccf1df_6.0.7601.17514_none_fa396087175ac9ac\COMCTL32.dll
0x000007fefda00000 - 0x000007fefda71000 	C:\Windows\system32\SHLWAPI.dll
0x000007fefef00000 - 0x000007fefef2e000 	C:\Windows\system32\IMM32.DLL
0x000007fefd570000 - 0x000007fefd679000 	C:\Windows\system32\MSCTF.dll
0x00000000641e0000 - 0x00000000642b2000 	C:\PROGRA~1\Java\JDK18~1.0\jre\bin\msvcr100.dll
0x00000000639b0000 - 0x00000000641da000 	C:\PROGRA~1\Java\JDK18~1.0\jre\bin\server\jvm.dll
0x000007fef9e80000 - 0x000007fef9e89000 	C:\Windows\system32\WSOCK32.dll
0x000007fefdb60000 - 0x000007fefdbad000 	C:\Windows\system32\WS2_32.dll
0x000007feff4c0000 - 0x000007feff4c8000 	C:\Windows\system32\NSI.dll
0x000007fef9f50000 - 0x000007fef9f8b000 	C:\Windows\system32\WINMM.dll
0x0000000077390000 - 0x0000000077397000 	C:\Windows\system32\PSAPI.DLL
0x000000006d3b0000 - 0x000000006d3bf000 	C:\PROGRA~1\Java\JDK18~1.0\jre\bin\verify.dll
0x00000000678a0000 - 0x00000000678c8000 	C:\PROGRA~1\Java\JDK18~1.0\jre\bin\java.dll
0x0000000067880000 - 0x0000000067896000 	C:\PROGRA~1\Java\JDK18~1.0\jre\bin\zip.dll
0x000007fefdf00000 - 0x000007fefec88000 	C:\Windows\system32\SHELL32.dll
0x000007fefef30000 - 0x000007feff133000 	C:\Windows\system32\ole32.dll
0x000007fefcfe0000 - 0x000007fefcfef000 	C:\Windows\system32\profapi.dll
0x000007fef50b0000 - 0x000007fef51d5000 	C:\Windows\system32\dbghelp.dll

VM Arguments:
jvm_args: -Xmx1024M -Xss1m -Djava.ext.dirs=C:\Program Files (x86)\Android\android-studio\sdk\build-tools\21.1.2\lib 
java_command: C:\Program Files (x86)\Android\android-studio\sdk\build-tools\21.1.2\lib\dx.jar --dex --no-optimize --output C:\Users\ADRIAN\AndroidStudioProjects\Gallery\app\build\intermediates\dex\debug --input-list C:\Users\ADRIAN\AndroidStudioProjects\Gallery\app\build\intermediates\tmp\dex\debug\inputList.txt
java_class_path (initial): C:\Program Files (x86)\Android\android-studio\sdk\build-tools\21.1.2\lib\dx.jar
Launcher Type: SUN_STANDARD

Environment Variables:
JAVA_HOME=C:\Program Files\Java\jdk1.8.0
PATH=C:\app\ADRIAN\product\11.2.0\dbhome_3\bin;C:\app\ADRIAN\product\11.2.0\dbhome_2\bin;C:\app\ADRIAN\product\11.2.0\dbhome_1\bin;C:\ProgramData\Oracle\Java\javapath;C:\Program Files (x86)\NVIDIA Corporation\PhysX\Common;C:\Program Files\Common Files\Microsoft Shared\Windows Live;C:\Program Files (x86)\Common Files\Microsoft Shared\Windows Live;C:\Windows\system32;C:\Windows;C:\Windows\System32\Wbem;C:\Windows\System32\WindowsPowerShell\v1.0\;C:\Program Files\Intel\DMIX;C:\Program Files (x86)\ATI Technologies\ATI.ACE\Core-Static;C:\Program Files (x86)\Windows Kits\8.1\Windows Performance Toolkit\;C:\Program Files\Microsoft SQL Server\110\Tools\Binn\;C:\Program Files (x86)\Windows Live\Shared;C:\Program Files (x86)\CloudFoundry;C:\Ruby193\bin
USERNAME=ADRIAN
OS=Windows_NT
PROCESSOR_IDENTIFIER=Intel64 Family 6 Model 37 Stepping 5, GenuineIntel



---------------  S Y S T E M  ---------------

OS: Windows 7 , 64 bit Build 7601 Service Pack 1

CPU:total 4 (2 cores per cpu, 2 threads per core) family 6 model 37 stepping 5, cmov, cx8, fxsr, mmx, sse, sse2, sse3, ssse3, sse4.1, sse4.2, popcnt, aes, clmul, ht, tsc, tscinvbit

Memory: 4k page, physical 4052184k(365924k free), swap 10194320k(4509732k free)

vm_info: Java HotSpot(TM) 64-Bit Server VM (25.0-b70) for windows-amd64 JRE (1.8.0-b132), built on Mar  4 2014 03:46:18 by "java_re" with MS VC++ 10.0 (VS2010)

time: Mon Aug 17 15:24:19 2015
elapsed time: 0 seconds

