#
# A fatal error has been detected by the Java Runtime Environment:
#
#  EXCEPTION_ACCESS_VIOLATION (0xc0000005) at pc=0x0000000063ab0fcb, pid=5440, tid=1812
#
# JRE version: Java(TM) SE Runtime Environment (8.0-b132) (build 1.8.0-b132)
# Java VM: Java HotSpot(TM) 64-Bit Server VM (25.0-b70 mixed mode windows-amd64 compressed oops)
# Problematic frame:
# V  [jvm.dll+0x100fcb]
#
# Failed to write core dump. Minidumps are not enabled by default on client versions of Windows
#
# If you would like to submit a bug report, please visit:
#   http://bugreport.sun.com/bugreport/crash.jsp
#

---------------  T H R E A D  ---------------

Current thread (0x00000000020d4000):  GCTaskThread [stack: 0x00000000122f0000,0x00000000123f0000] [id=1812]

siginfo: ExceptionCode=0xc0000005, reading address 0x0000000000000008

Registers:
RAX=0x00000000123f0000, RBX=0x00000000c82ad898, RCX=0x0000000000000000, RDX=0x0000000000000001
RSP=0x00000000123ef700, RBP=0x00000000ce7def20, RSI=0x0000000054f33310, RDI=0x0000000054f33310
R8 =0x0000000000000000, R9 =0x00000000147eae88, R10=0x000000000000000c, R11=0x0000000063f6d2a8
R12=0x00000000ce7def38, R13=0x00000000147eb078, R14=0x00000000147eb080, R15=0x00000000ce7def00
RIP=0x0000000063ab0fcb, EFLAGS=0x0000000000010246

Top of Stack: (sp=0x00000000123ef700)
0x00000000123ef700:   00000000147eae88 00000000ce7deedc
0x00000000123ef710:   0000000000000007 0000000063babc72
0x00000000123ef720:   0000000000000000 00000000020d48f0
0x00000000123ef730:   00000000020cd5e0 0000000000000003
0x00000000123ef740:   000000000000433c 0000000063d77940
0x00000000123ef750:   0000000055781a28 0000000000000000
0x00000000123ef760:   0000000054f33310 0000000063fb8270
0x00000000123ef770:   00000000c3e97590 0000000054f33310
0x00000000123ef780:   00000000f21084b8 0000000000000009
0x00000000123ef790:   00000000c3e97590 0000000063ad6b29
0x00000000123ef7a0:   00000000557818a8 000004b1000003df
0x00000000123ef7b0:   00000000020d4000 00000000020cd5e0
0x00000000123ef7c0:   00000000020d4900 00000000020d48f0
0x00000000123ef7d0:   0000000063fb8270 0000000000000003
0x00000000123ef7e0:   0000000061506590 0000000000000000
0x00000000123ef7f0:   0000000054f33310 0000000063d75320 

Instructions: (pc=0x0000000063ab0fcb)
0x0000000063ab0fab:   6a 00 84 d2 74 16 44 8b 43 08 8b 0d 9d 22 64 00
0x0000000063ab0fbb:   49 d3 e0 4c 03 05 8b 22 64 00 eb 04 4c 8b 43 08
0x0000000063ab0fcb:   45 8b 48 08 45 85 c9 7e 0c 41 f6 c1 01 75 4b 41
0x0000000063ab0fdb:   c1 f9 03 eb 57 79 43 84 d2 41 8b c9 b8 10 00 00 


Register to memory mapping:

RAX=0x00000000123f0000 is an unknown value
RBX=0x00000000c82ad898 is pointing into object: 0x00000000c82ad870
org.codehaus.groovy.runtime.metaclass.MetaMethodIndex$Entry 
 - klass: 'org/codehaus/groovy/runtime/metaclass/MetaMethodIndex$Entry'
RCX=0x0000000000000000 is an unknown value
RDX=0x0000000000000001 is an unknown value
RSP=0x00000000123ef700 is an unknown value
RBP=0x00000000ce7def20 is pointing into object: 0x00000000ce7def00
org.codehaus.groovy.runtime.metaclass.MetaMethodIndex$Entry 
 - klass: 'org/codehaus/groovy/runtime/metaclass/MetaMethodIndex$Entry'
RSI=0x0000000054f33310 is an unknown value
RDI=0x0000000054f33310 is an unknown value
R8 =0x0000000000000000 is an unknown value
R9 =0x00000000147eae88 is an unknown value
R10=0x000000000000000c is an unknown value
R11=0x0000000063f6d2a8 is an unknown value
R12=0x00000000ce7def38 is an oop
org.codehaus.groovy.runtime.metaclass.MetaMethodIndex$Entry 
 - klass: 'org/codehaus/groovy/runtime/metaclass/MetaMethodIndex$Entry'
R13=0x00000000147eb078 is an unknown value
R14=0x00000000147eb080 is an unknown value
R15=0x00000000ce7def00 is an oop
org.codehaus.groovy.runtime.metaclass.MetaMethodIndex$Entry 
 - klass: 'org/codehaus/groovy/runtime/metaclass/MetaMethodIndex$Entry'


Stack: [0x00000000122f0000,0x00000000123f0000],  sp=0x00000000123ef700,  free space=1021k
Native frames: (J=compiled Java code, j=interpreted, Vv=VM code, C=native code)
V  [jvm.dll+0x100fcb]
V  [jvm.dll+0x3c7940]
V  [jvm.dll+0x3c5320]
V  [jvm.dll+0x3c255e]
V  [jvm.dll+0x27baea]
C  [msvcr100.dll+0x21d9f]
C  [msvcr100.dll+0x21e3b]
C  [kernel32.dll+0x159ed]
C  [ntdll.dll+0x2c541]


---------------  P R O C E S S  ---------------

Java Threads: ( => current thread )
  0x00000000579c7000 JavaThread "Stdin handler" [_thread_blocked, id=5708, stack(0x000000005de70000,0x000000005df70000)]
  0x00000000579c8000 JavaThread "Daemon worker Thread 17" [_thread_blocked, id=5972, stack(0x000000005b130000,0x000000005b230000)]
  0x00000000579c5800 JavaThread "Cancel handler" [_thread_blocked, id=1028, stack(0x000000005cc10000,0x000000005cd10000)]
  0x00000000579c4000 JavaThread "Handler for socket connection from /127.0.0.1:51960 to /127.0.0.1:54461" [_thread_in_native, id=1980, stack(0x0000000057e00000,0x0000000057f00000)]
  0x00000000579c3800 JavaThread "Daemon Thread 17" [_thread_blocked, id=3776, stack(0x0000000057fd0000,0x00000000580d0000)]
  0x000000005a8ce000 JavaThread "File lock request listener" [_thread_in_native, id=2520, stack(0x000000005ade0000,0x000000005aee0000)]
  0x000000005783b000 JavaThread "Incoming local TCP Connector on port 51960" [_thread_in_native, id=4276, stack(0x0000000058240000,0x0000000058340000)]
  0x00000000563d2800 JavaThread "Service Thread" daemon [_thread_blocked, id=6016, stack(0x0000000056f00000,0x0000000057000000)]
  0x0000000056378800 JavaThread "C1 CompilerThread2" daemon [_thread_blocked, id=5768, stack(0x0000000056da0000,0x0000000056ea0000)]
  0x0000000056376800 JavaThread "C2 CompilerThread1" daemon [_thread_blocked, id=5860, stack(0x0000000056980000,0x0000000056a80000)]
  0x0000000054fe5000 JavaThread "C2 CompilerThread0" daemon [_thread_blocked, id=5996, stack(0x0000000056bf0000,0x0000000056cf0000)]
  0x0000000054fe3800 JavaThread "Attach Listener" daemon [_thread_blocked, id=4256, stack(0x0000000056ab0000,0x0000000056bb0000)]
  0x0000000054fe2800 JavaThread "Signal Dispatcher" daemon [_thread_blocked, id=5704, stack(0x0000000056850000,0x0000000056950000)]
  0x0000000054f85000 JavaThread "Finalizer" daemon [_thread_blocked, id=5380, stack(0x0000000056270000,0x0000000056370000)]
  0x0000000054f7a000 JavaThread "Reference Handler" daemon [_thread_blocked, id=4444, stack(0x0000000055f10000,0x0000000056010000)]
  0x00000000020b8000 JavaThread "main" [_thread_blocked, id=5820, stack(0x0000000002480000,0x0000000002580000)]

Other Threads:
  0x0000000054f76800 VMThread [stack: 0x0000000056040000,0x0000000056140000] [id=5508]
  0x00000000563e3800 WatcherThread [stack: 0x0000000057130000,0x0000000057230000] [id=392]

=>0x00000000020d4000 (exited) GCTaskThread [stack: 0x00000000122f0000,0x00000000123f0000] [id=1812]

VM state:at safepoint (normal execution)

VM Mutex/Monitor currently owned by a thread:  ([mutex/lock_event])
[0x00000000021ed570] Threads_lock - owner thread: 0x0000000054f76800
[0x00000000021eda70] Heap_lock - owner thread: 0x00000000579c8000

Heap:
 PSYoungGen      total 240640K, used 170220K [0x00000000eab00000, 0x0000000100000000, 0x0000000100000000)
  eden space 132096K, 100% used [0x00000000eab00000,0x00000000f2c00000,0x00000000f2c00000)
  from space 108544K, 35% used [0x00000000f9600000,0x00000000fbb3b0a0,0x0000000100000000)
  to   space 108544K, 0% used [0x00000000f2c00000,0x00000000f2c00000,0x00000000f9600000)
 ParOldGen       total 243712K, used 243401K [0x00000000c0000000, 0x00000000cee00000, 0x00000000eab00000)
  object space 243712K, 99% used [0x00000000c0000000,0x00000000cedb26b8,0x00000000cee00000)
 Metaspace       used 210890K, capacity 225744K, committed 225920K, reserved 1241088K
  class space    used 29439K, capacity 34881K, committed 34944K, reserved 1048576K

Card table byte_map: [0x0000000011c10000,0x0000000011e20000] byte_map_base: 0x0000000011610000

Marking Bits: (ParMarkBitMap*) 0x00000000641613b0
 Begin Bits: [0x00000000123f0000, 0x00000000133f0000)
 End Bits:   [0x00000000133f0000, 0x00000000143f0000)

Polling page: 0x0000000000330000

CodeCache: size=245760Kb used=47297Kb max_used=47297Kb free=198462Kb
 bounds [0x0000000002850000, 0x00000000056c0000, 0x0000000011850000]
 total_blobs=13283 nmethods=12550 adapters=645
 compilation: enabled

Compilation events (10 events):
Event: 7425.188 Thread 0x0000000056378800 17152   !   3       org.gradle.messaging.serialize.kryo.KryoBackedDecoder::readBytes (23 bytes)
Event: 7425.189 Thread 0x0000000056378800 nmethod 17152 0x00000000056aba10 code [0x00000000056abbe0, 0x00000000056ac188]
Event: 7425.216 Thread 0x0000000056378800 17153       3       org.gradle.api.internal.artifacts.ivyservice.moduleconverter.DefaultConfigurationsToArtifactsConverter::addArtifacts (111 bytes)
Event: 7425.216 Thread 0x0000000056378800 nmethod 17153 0x00000000056aa590 code [0x00000000056aa7e0, 0x00000000056ab468]
Event: 7425.218 Thread 0x0000000056378800 17154       3       org.gradle.api.internal.artifacts.ivyservice.moduleconverter.DefaultConfigurationsToModuleDescriptorConverter::addConfigurations (38 bytes)
Event: 7425.218 Thread 0x0000000056378800 nmethod 17154 0x00000000056ae690 code [0x00000000056ae840, 0x00000000056aed98]
Event: 7425.218 Thread 0x0000000056378800 17155       3       org.gradle.api.internal.artifacts.ivyservice.moduleconverter.dependencies.DefaultDependenciesToModuleDescriptorConverter::addExcludeRules (98 bytes)
Event: 7425.219 Thread 0x0000000056378800 nmethod 17155 0x00000000056aef90 code [0x00000000056af200, 0x00000000056aff58]
Event: 7425.220 Thread 0x0000000056378800 17156       3       org.gradle.api.internal.artifacts.result.DefaultResolvedComponentResult::getDependencies (8 bytes)
Event: 7425.220 Thread 0x0000000056378800 nmethod 17156 0x00000000056b0610 code [0x00000000056b07a0, 0x00000000056b0b88]

GC Heap History (10 events):
Event: 7221.668 GC heap after
Heap after GC invocations=133 (full 28):
 PSYoungGen      total 232960K, used 53190K [0x00000000eab00000, 0x0000000100000000, 0x0000000100000000)
  eden space 116736K, 0% used [0x00000000eab00000,0x00000000eab00000,0x00000000f1d00000)
  from space 116224K, 45% used [0x00000000f1d00000,0x00000000f50f1830,0x00000000f8e80000)
  to   space 111616K, 0% used [0x00000000f9300000,0x00000000f9300000,0x0000000100000000)
 ParOldGen       total 243712K, used 211374K [0x00000000c0000000, 0x00000000cee00000, 0x00000000eab00000)
  object space 243712K, 86% used [0x00000000c0000000,0x00000000cce6ba08,0x00000000cee00000)
 Metaspace       used 198860K, capacity 212216K, committed 213120K, reserved 1228800K
  class space    used 27650K, capacity 32513K, committed 32896K, reserved 1048576K
}
Event: 7260.292 GC heap before
{Heap before GC invocations=134 (full 28):
 PSYoungGen      total 232960K, used 169926K [0x00000000eab00000, 0x0000000100000000, 0x0000000100000000)
  eden space 116736K, 100% used [0x00000000eab00000,0x00000000f1d00000,0x00000000f1d00000)
  from space 116224K, 45% used [0x00000000f1d00000,0x00000000f50f1830,0x00000000f8e80000)
  to   space 111616K, 0% used [0x00000000f9300000,0x00000000f9300000,0x0000000100000000)
 ParOldGen       total 243712K, used 211374K [0x00000000c0000000, 0x00000000cee00000, 0x00000000eab00000)
  object space 243712K, 86% used [0x00000000c0000000,0x00000000cce6ba08,0x00000000cee00000)
 Metaspace       used 201577K, capacity 215673K, committed 216192K, reserved 1232896K
  class space    used 28039K, capacity 33165K, committed 33408K, reserved 1048576K
Event: 7260.361 GC heap after
Heap after GC invocations=134 (full 28):
 PSYoungGen      total 219136K, used 60392K [0x00000000eab00000, 0x00000000ff280000, 0x0000000100000000)
  eden space 121344K, 0% used [0x00000000eab00000,0x00000000eab00000,0x00000000f2180000)
  from space 97792K, 61% used [0x00000000f9300000,0x00000000fcdfa2e0,0x00000000ff280000)
  to   space 107008K, 0% used [0x00000000f2180000,0x00000000f2180000,0x00000000f8a00000)
 ParOldGen       total 243712K, used 211374K [0x00000000c0000000, 0x00000000cee00000, 0x00000000eab00000)
  object space 243712K, 86% used [0x00000000c0000000,0x00000000cce6ba08,0x00000000cee00000)
 Metaspace       used 201577K, capacity 215673K, committed 216192K, reserved 1232896K
  class space    used 28039K, capacity 33165K, committed 33408K, reserved 1048576K
}
Event: 7261.333 GC heap before
{Heap before GC invocations=135 (full 28):
 PSYoungGen      total 219136K, used 181736K [0x00000000eab00000, 0x00000000ff280000, 0x0000000100000000)
  eden space 121344K, 100% used [0x00000000eab00000,0x00000000f2180000,0x00000000f2180000)
  from space 97792K, 61% used [0x00000000f9300000,0x00000000fcdfa2e0,0x00000000ff280000)
  to   space 107008K, 0% used [0x00000000f2180000,0x00000000f2180000,0x00000000f8a00000)
 ParOldGen       total 243712K, used 211374K [0x00000000c0000000, 0x00000000cee00000, 0x00000000eab00000)
  object space 243712K, 86% used [0x00000000c0000000,0x00000000cce6ba08,0x00000000cee00000)
 Metaspace       used 205917K, capacity 220299K, committed 220416K, reserved 1234944K
  class space    used 28732K, capacity 33944K, committed 34048K, reserved 1048576K
Event: 7261.404 GC heap after
Heap after GC invocations=135 (full 28):
 PSYoungGen      total 228352K, used 74735K [0x00000000eab00000, 0x0000000100000000, 0x0000000100000000)
  eden space 121344K, 0% used [0x00000000eab00000,0x00000000eab00000,0x00000000f2180000)
  from space 107008K, 69% used [0x00000000f2180000,0x00000000f6a7bc28,0x00000000f8a00000)
  to   space 108544K, 0% used [0x00000000f9600000,0x00000000f9600000,0x0000000100000000)
 ParOldGen       total 243712K, used 211374K [0x00000000c0000000, 0x00000000cee00000, 0x00000000eab00000)
  object space 243712K, 86% used [0x00000000c0000000,0x00000000cce6ba08,0x00000000cee00000)
 Metaspace       used 205917K, capacity 220299K, committed 220416K, reserved 1234944K
  class space    used 28732K, capacity 33944K, committed 34048K, reserved 1048576K
}
Event: 7262.833 GC heap before
{Heap before GC invocations=136 (full 28):
 PSYoungGen      total 228352K, used 111943K [0x00000000eab00000, 0x0000000100000000, 0x0000000100000000)
  eden space 121344K, 30% used [0x00000000eab00000,0x00000000ecf56008,0x00000000f2180000)
  from space 107008K, 69% used [0x00000000f2180000,0x00000000f6a7bc28,0x00000000f8a00000)
  to   space 108544K, 0% used [0x00000000f9600000,0x00000000f9600000,0x0000000100000000)
 ParOldGen       total 243712K, used 211374K [0x00000000c0000000, 0x00000000cee00000, 0x00000000eab00000)
  object space 243712K, 86% used [0x00000000c0000000,0x00000000cce6ba08,0x00000000cee00000)
 Metaspace       used 207262K, capacity 221696K, committed 221952K, reserved 1236992K
  class space    used 28947K, capacity 34188K, committed 34304K, reserved 1048576K
Event: 7262.899 GC heap after
Heap after GC invocations=136 (full 28):
 PSYoungGen      total 240640K, used 73819K [0x00000000eab00000, 0x0000000100000000, 0x0000000100000000)
  eden space 132096K, 0% used [0x00000000eab00000,0x00000000eab00000,0x00000000f2c00000)
  from space 108544K, 68% used [0x00000000f9600000,0x00000000fde16fa8,0x0000000100000000)
  to   space 108544K, 0% used [0x00000000f2c00000,0x00000000f2c00000,0x00000000f9600000)
 ParOldGen       total 243712K, used 211382K [0x00000000c0000000, 0x00000000cee00000, 0x00000000eab00000)
  object space 243712K, 86% used [0x00000000c0000000,0x00000000cce6da08,0x00000000cee00000)
 Metaspace       used 207262K, capacity 221696K, committed 221952K, reserved 1236992K
  class space    used 28947K, capacity 34188K, committed 34304K, reserved 1048576K
}
Event: 7262.899 GC heap before
{Heap before GC invocations=137 (full 29):
 PSYoungGen      total 240640K, used 73819K [0x00000000eab00000, 0x0000000100000000, 0x0000000100000000)
  eden space 132096K, 0% used [0x00000000eab00000,0x00000000eab00000,0x00000000f2c00000)
  from space 108544K, 68% used [0x00000000f9600000,0x00000000fde16fa8,0x0000000100000000)
  to   space 108544K, 0% used [0x00000000f2c00000,0x00000000f2c00000,0x00000000f9600000)
 ParOldGen       total 243712K, used 211382K [0x00000000c0000000, 0x00000000cee00000, 0x00000000eab00000)
  object space 243712K, 86% used [0x00000000c0000000,0x00000000cce6da08,0x00000000cee00000)
 Metaspace       used 207262K, capacity 221696K, committed 221952K, reserved 1236992K
  class space    used 28947K, capacity 34188K, committed 34304K, reserved 1048576K
Event: 7264.597 GC heap after
Heap after GC invocations=137 (full 29):
 PSYoungGen      total 240640K, used 38124K [0x00000000eab00000, 0x0000000100000000, 0x0000000100000000)
  eden space 132096K, 0% used [0x00000000eab00000,0x00000000eab00000,0x00000000f2c00000)
  from space 108544K, 35% used [0x00000000f9600000,0x00000000fbb3b0a0,0x0000000100000000)
  to   space 108544K, 0% used [0x00000000f2c00000,0x00000000f2c00000,0x00000000f9600000)
 ParOldGen       total 243712K, used 243401K [0x00000000c0000000, 0x00000000cee00000, 0x00000000eab00000)
  object space 243712K, 99% used [0x00000000c0000000,0x00000000cedb26b8,0x00000000cee00000)
 Metaspace       used 207195K, capacity 221468K, committed 221952K, reserved 1236992K
  class space    used 28931K, capacity 34120K, committed 34304K, reserved 1048576K
}
Event: 7425.283 GC heap before
{Heap before GC invocations=138 (full 30):
 PSYoungGen      total 240640K, used 170220K [0x00000000eab00000, 0x0000000100000000, 0x0000000100000000)
  eden space 132096K, 100% used [0x00000000eab00000,0x00000000f2c00000,0x00000000f2c00000)
  from space 108544K, 35% used [0x00000000f9600000,0x00000000fbb3b0a0,0x0000000100000000)
  to   space 108544K, 0% used [0x00000000f2c00000,0x00000000f2c00000,0x00000000f9600000)
 ParOldGen       total 243712K, used 243401K [0x00000000c0000000, 0x00000000cee00000, 0x00000000eab00000)
  object space 243712K, 99% used [0x00000000c0000000,0x00000000cedb26b8,0x00000000cee00000)
 Metaspace       used 210890K, capacity 225744K, committed 225920K, reserved 1241088K
  class space    used 29439K, capacity 34881K, committed 34944K, reserved 1048576K

Deoptimization events (10 events):
Event: 7222.578 Thread 0x00000000579c4000 Uncommon trap: reason=unloaded action=reinterpret pc=0x000000000470b91c method=org.gradle.internal.reflect.JavaMethod.invoke(Ljava/lang/Object;[Ljava/lang/Object;)Ljava/lang/Object; @ 24
Event: 7222.580 Thread 0x00000000579c4000 Uncommon trap: reason=unreached action=reinterpret pc=0x0000000004cde754 method=org.gradle.execution.taskgraph.TaskInfo.isComplete()Z @ 17
Event: 7222.583 Thread 0x00000000579c4000 Uncommon trap: reason=unreached action=reinterpret pc=0x0000000002ec27bc method=java.util.HashMap.hash(Ljava/lang/Object;)I @ 1
Event: 7222.583 Thread 0x00000000579c4000 Uncommon trap: reason=unreached action=reinterpret pc=0x0000000002a98824 method=java.util.HashMap.hash(Ljava/lang/Object;)I @ 1
Event: 7222.625 Thread 0x00000000579c4000 Uncommon trap: reason=class_check action=maybe_recompile pc=0x0000000003f6d618 method=java.util.Formatter.format(Ljava/util/Locale;Ljava/lang/String;[Ljava/lang/Object;)Ljava/util/Formatter; @ 76
Event: 7222.669 Thread 0x00000000579c3800 Uncommon trap: reason=array_check action=maybe_recompile pc=0x00000000047ec77c method=java.util.ComparableTimSort.reverseRange([Ljava/lang/Object;II)V @ 20
Event: 7222.670 Thread 0x00000000579c3800 Uncommon trap: reason=unreached action=reinterpret pc=0x00000000038f7abc method=org.gradle.messaging.remote.internal.Message$ExceptionReplacingObjectOutputStream.replaceObject(Ljava/lang/Object;)Ljava/lang/Object; @ 4
Event: 7222.713 Thread 0x00000000579c3800 Uncommon trap: reason=array_check action=maybe_recompile pc=0x00000000047ec77c method=java.util.ComparableTimSort.reverseRange([Ljava/lang/Object;II)V @ 20
Event: 7222.743 Thread 0x00000000579c3800 Uncommon trap: reason=array_check action=maybe_recompile pc=0x00000000047ec77c method=java.util.ComparableTimSort.reverseRange([Ljava/lang/Object;II)V @ 20
Event: 7424.652 Thread 0x00000000579c8000 Uncommon trap: reason=class_check action=maybe_recompile pc=0x000000000564ae64 method=groovy.lang.MetaClassImpl.createPogoCallSite(Lorg/codehaus/groovy/runtime/callsite/CallSite;[Ljava/lang/Object;)Lorg/codehaus/groovy/runtime/callsite/CallSite; @ 22

Internal exceptions (10 events):
Event: 7425.281 Thread 0x00000000579c8000 Exception <a 'java/security/PrivilegedActionException'> (0x00000000f2b83690) thrown at [D:\re\workspace\8-2-build-windows-amd64-cygwin\jdk8\2238\hotspot\src\share\vm\prims\jvm.cpp, line 1248]
Event: 7425.281 Thread 0x00000000579c8000 Exception <a 'java/security/PrivilegedActionException'> (0x00000000f2b84d28) thrown at [D:\re\workspace\8-2-build-windows-amd64-cygwin\jdk8\2238\hotspot\src\share\vm\prims\jvm.cpp, line 1248]
Event: 7425.281 Thread 0x00000000579c8000 Exception <a 'java/security/PrivilegedActionException'> (0x00000000f2b86228) thrown at [D:\re\workspace\8-2-build-windows-amd64-cygwin\jdk8\2238\hotspot\src\share\vm\prims\jvm.cpp, line 1248]
Event: 7425.281 Thread 0x00000000579c8000 Exception <a 'java/security/PrivilegedActionException'> (0x00000000f2b8cd00) thrown at [D:\re\workspace\8-2-build-windows-amd64-cygwin\jdk8\2238\hotspot\src\share\vm\prims\jvm.cpp, line 1248]
Event: 7425.281 Thread 0x00000000579c8000 Exception <a 'java/lang/ClassNotFoundException': com/android/build/gradle/tasks/ManifestProcessorTaskCustomizer> (0x00000000f2b8d5a0) thrown at [D:\re\workspace\8-2-build-windows-amd64-cygwin\jdk8\2238\hotspot\src\share\vm\classfile\systemDictionary.cpp, l{)áHΩ@
Event: 7425.282 Thread 0x00000000579c8000 Exception <a 'java/security/PrivilegedActionException'> (0x00000000f2bd1468) thrown at [D:\re\workspace\8-2-build-windows-amd64-cygwin\jdk8\2238\hotspot\src\share\vm\prims\jvm.cpp, line 1248]
Event: 7425.282 Thread 0x00000000579c8000 Exception <a 'java/security/PrivilegedActionException'> (0x00000000f2bd2a70) thrown at [D:\re\workspace\8-2-build-windows-amd64-cygwin\jdk8\2238\hotspot\src\share\vm\prims\jvm.cpp, line 1248]
Event: 7425.282 Thread 0x00000000579c8000 Exception <a 'java/security/PrivilegedActionException'> (0x00000000f2bd3f08) thrown at [D:\re\workspace\8-2-build-windows-amd64-cygwin\jdk8\2238\hotspot\src\share\vm\prims\jvm.cpp, line 1248]
Event: 7425.282 Thread 0x00000000579c8000 Exception <a 'java/security/PrivilegedActionException'> (0x00000000f2bda220) thrown at [D:\re\workspace\8-2-build-windows-amd64-cygwin\jdk8\2238\hotspot\src\share\vm\prims\jvm.cpp, line 1248]
Event: 7425.282 Thread 0x00000000579c8000 Exception <a 'java/lang/ClassNotFoundException': com/android/build/gradle/tasks/MergeManifestsCustomizer> (0x00000000f2bdaab0) thrown at [D:\re\workspace\8-2-build-windows-amd64-cygwin\jdk8\2238\hotspot\src\share\vm\classfile\systemDictionary.cpp, line 202@)≥ÚGΩ@

Events (10 events):
Event: 7425.281 loading class com/android/build/gradle/internal/tasks/IncrementalTaskCustomizer done
Event: 7425.281 loading class com/android/build/gradle/tasks/ManifestProcessorTaskCustomizer
Event: 7425.281 loading class com/android/build/gradle/tasks/ManifestProcessorTaskCustomizer done
Event: 7425.281 loading class com/android/build/gradle/tasks/ManifestProcessorTaskCustomizer
Event: 7425.281 loading class com/android/build/gradle/tasks/ManifestProcessorTaskCustomizer done
Event: 7425.282 loading class com/android/build/gradle/tasks/MergeManifestsCustomizer
Event: 7425.282 loading class com/android/build/gradle/tasks/MergeManifestsCustomizer done
Event: 7425.282 loading class com/android/build/gradle/tasks/MergeManifestsCustomizer
Event: 7425.282 loading class com/android/build/gradle/tasks/MergeManifestsCustomizer done
Event: 7425.283 Executing VM operation: ParallelGCFailedAllocation


Dynamic libraries:
0x000000013fd50000 - 0x000000013fd84000 	C:\Program Files\Java\jdk1.8.0\bin\java.exe
0x00000000771c0000 - 0x0000000077369000 	C:\Windows\SYSTEM32\ntdll.dll
0x0000000076fa0000 - 0x00000000770bf000 	C:\Windows\system32\kernel32.dll
0x000007fefcff0000 - 0x000007fefd05c000 	C:\Windows\system32\KERNELBASE.dll
0x000007fefda80000 - 0x000007fefdb5b000 	C:\Windows\system32\ADVAPI32.dll
0x000007fefed40000 - 0x000007fefeddf000 	C:\Windows\system32\msvcrt.dll
0x000007fefdbb0000 - 0x000007fefdbcf000 	C:\Windows\SYSTEM32\sechost.dll
0x000007feff390000 - 0x000007feff4bd000 	C:\Windows\system32\RPCRT4.dll
0x00000000770c0000 - 0x00000000771ba000 	C:\Windows\system32\USER32.dll
0x000007fefd990000 - 0x000007fefd9f7000 	C:\Windows\system32\GDI32.dll
0x000007fefed30000 - 0x000007fefed3e000 	C:\Windows\system32\LPK.dll
0x000007fefd8c0000 - 0x000007fefd989000 	C:\Windows\system32\USP10.dll
0x000007fefb850000 - 0x000007fefba44000 	C:\Windows\WinSxS\amd64_microsoft.windows.common-controls_6595b64144ccf1df_6.0.7601.17514_none_fa396087175ac9ac\COMCTL32.dll
0x000007fefda00000 - 0x000007fefda71000 	C:\Windows\system32\SHLWAPI.dll
0x000007fefef00000 - 0x000007fefef2e000 	C:\Windows\system32\IMM32.DLL
0x000007fefd570000 - 0x000007fefd679000 	C:\Windows\system32\MSCTF.dll
0x00000000641e0000 - 0x00000000642b2000 	C:\Program Files\Java\jdk1.8.0\jre\bin\msvcr100.dll
0x00000000639b0000 - 0x00000000641da000 	C:\Program Files\Java\jdk1.8.0\jre\bin\server\jvm.dll
0x000007fef9e80000 - 0x000007fef9e89000 	C:\Windows\system32\WSOCK32.dll
0x000007fefdb60000 - 0x000007fefdbad000 	C:\Windows\system32\WS2_32.dll
0x000007feff4c0000 - 0x000007feff4c8000 	C:\Windows\system32\NSI.dll
0x000007fef9f50000 - 0x000007fef9f8b000 	C:\Windows\system32\WINMM.dll
0x0000000077390000 - 0x0000000077397000 	C:\Windows\system32\PSAPI.DLL
0x000000006d3b0000 - 0x000000006d3bf000 	C:\Program Files\Java\jdk1.8.0\jre\bin\verify.dll
0x00000000678a0000 - 0x00000000678c8000 	C:\Program Files\Java\jdk1.8.0\jre\bin\java.dll
0x0000000067880000 - 0x0000000067896000 	C:\Program Files\Java\jdk1.8.0\jre\bin\zip.dll
0x000007fefdf00000 - 0x000007fefec88000 	C:\Windows\system32\SHELL32.dll
0x000007fefef30000 - 0x000007feff133000 	C:\Windows\system32\ole32.dll
0x000007fefcfe0000 - 0x000007fefcfef000 	C:\Windows\system32\profapi.dll
0x00000000701e0000 - 0x00000000701fa000 	C:\Program Files\Java\jdk1.8.0\jre\bin\net.dll
0x000007fefc770000 - 0x000007fefc7c5000 	C:\Windows\system32\mswsock.dll
0x000007fefc760000 - 0x000007fefc767000 	C:\Windows\System32\wship6.dll
0x000007fefc7d0000 - 0x000007fefc7e7000 	C:\Windows\system32\CRYPTSP.dll
0x000007fefc4d0000 - 0x000007fefc517000 	C:\Windows\system32\rsaenh.dll
0x000007fefd1d0000 - 0x000007fefd1ee000 	C:\Windows\system32\USERENV.dll
0x000007fefce30000 - 0x000007fefce3f000 	C:\Windows\system32\CRYPTBASE.dll
0x000007fefaef0000 - 0x000007fefaf05000 	C:\Windows\system32\NLAapi.dll
0x000007fef7e70000 - 0x000007fef7e85000 	C:\Windows\system32\napinsp.dll
0x000007fef7e40000 - 0x000007fef7e59000 	C:\Windows\system32\pnrpnsp.dll
0x000007fefc5f0000 - 0x000007fefc64b000 	C:\Windows\system32\DNSAPI.dll
0x000007fef7930000 - 0x000007fef793b000 	C:\Windows\System32\winrnr.dll
0x000007fef9e90000 - 0x000007fef9ebf000 	C:\Program Files\Common Files\Microsoft Shared\Windows Live\WLIDNSP.DLL
0x000007fefc140000 - 0x000007fefc147000 	C:\Windows\System32\wshtcpip.dll
0x000007fefab00000 - 0x000007fefab27000 	C:\Windows\system32\IPHLPAPI.DLL
0x000007fefaac0000 - 0x000007fefaacb000 	C:\Windows\system32\WINNSI.DLL
0x000007fef9e70000 - 0x000007fef9e78000 	C:\Windows\system32\rasadhlp.dll
0x000007fefaa50000 - 0x000007fefaaa3000 	C:\Windows\System32\fwpuclnt.dll
0x0000000070200000 - 0x0000000070211000 	C:\Program Files\Java\jdk1.8.0\jre\bin\nio.dll
0x000007fef7b50000 - 0x000007fef7b62000 	C:\Users\ADRIAN\AppData\Local\Temp\native-platform5406493953125718856dir\native-platform.dll
0x000007fefa810000 - 0x000007fefa821000 	C:\Windows\system32\dhcpcsvc6.DLL
0x000007fefa7f0000 - 0x000007fefa808000 	C:\Windows\system32\dhcpcsvc.DLL
0x000007fefcdd0000 - 0x000007fefce27000 	C:\Windows\system32\apphelp.dll
0x0000000070090000 - 0x00000000700b4000 	C:\Program Files\Java\jdk1.8.0\jre\bin\sunec.dll
0x000007fef50b0000 - 0x000007fef51d5000 	C:\Windows\system32\dbghelp.dll

VM Arguments:
jvm_args: -XX:MaxPermSize=256m -XX:+HeapDumpOnOutOfMemoryError -Xmx1024m -Dfile.encoding=windows-1252 -Duser.country=US -Duser.language=en -Duser.variant 
java_command: org.gradle.launcher.daemon.bootstrap.GradleDaemon 2.2.1 C:\Users\ADRIAN\.gradle\daemon 10800000 899779f1-96b8-431d-b6ad-ebc102f07ca5 -XX:MaxPermSize=256m -XX:+HeapDumpOnOutOfMemoryError -Xmx1024m -Dfile.encoding=windows-1252 -Duser.country=US -Duser.language=en -Duser.variant
java_class_path (initial): C:\Users\ADRIAN\.gradle\wrapper\dists\gradle-2.2.1-all\c64ydeuardnfqctvr1gm30w53\gradle-2.2.1\lib\gradle-launcher-2.2.1.jar
Launcher Type: SUN_STANDARD

Environment Variables:
JAVA_HOME=C:\Program Files\Java\jdk1.8.0
PATH=C:\app\ADRIAN\product\11.2.0\dbhome_3\bin;C:\app\ADRIAN\product\11.2.0\dbhome_2\bin;C:\app\ADRIAN\product\11.2.0\dbhome_1\bin;C:\ProgramData\Oracle\Java\javapath;C:\Program Files (x86)\NVIDIA Corporation\PhysX\Common;C:\Program Files\Common Files\Microsoft Shared\Windows Live;C:\Program Files (x86)\Common Files\Microsoft Shared\Windows Live;C:\Windows\system32;C:\Windows;C:\Windows\System32\Wbem;C:\Windows\System32\WindowsPowerShell\v1.0\;C:\Program Files\Intel\DMIX;C:\Program Files (x86)\ATI Technologies\ATI.ACE\Core-Static;C:\Program Files (x86)\Windows Kits\8.1\Windows Performance Toolkit\;C:\Program Files\Microsoft SQL Server\110\Tools\Binn\;C:\Program Files (x86)\Windows Live\Shared;C:\Program Files (x86)\CloudFoundry;C:\Ruby193\bin
USERNAME=ADRIAN
OS=Windows_NT
PROCESSOR_IDENTIFIER=Intel64 Family 6 Model 37 Stepping 5, GenuineIntel



---------------  S Y S T E M  ---------------

OS: Windows 7 , 64 bit Build 7601 Service Pack 1

CPU:total 4 (2 cores per cpu, 2 threads per core) family 6 model 37 stepping 5, cmov, cx8, fxsr, mmx, sse, sse2, sse3, ssse3, sse4.1, sse4.2, popcnt, aes, clmul, ht, tsc, tscinvbit

Memory: 4k page, physical 4052184k(261548k free), swap 10194320k(4503756k free)

vm_info: Java HotSpot(TM) 64-Bit Server VM (25.0-b70) for windows-amd64 JRE (1.8.0-b132), built on Mar  4 2014 03:46:18 by "java_re" with MS VC++ 10.0 (VS2010)

time: Mon Aug 17 15:27:42 2015
elapsed time: 7425 seconds

